# JRE version: OpenJDK Runtime Environment Temurin-21.0.10+7 (21.0.10+7) (build 21.0.10+7-LTS)
# Java VM: OpenJDK 64-Bit Server VM Temurin-21.0.10+7 (21.0.10+7-LTS, mixed mode, sharing, tiered, compressed oops, compressed class ptrs, parallel gc, windows-amd64)
GC Precious Log:
 CardTable entry size: 512
 CPUs: 16 total, 16 available
 Memory: 28356M
 Large Page Support: Disabled
 NUMA Support: Disabled
 Compressed Oops: Enabled (32-bit)
 Alignments: Space 512K, Generation 512K, Heap 2M
 Heap Min Capacity: 100M
 Heap Initial Capacity: 100M
 Heap Max Capacity: 2G
 Pre-touch: Disabled
 Parallel Workers: 13
Heap:
 PSYoungGen      total 4608K, used 1802K [0x00000000d5580000, 0x00000000d5e00000, 0x0000000100000000)
  eden space 4096K, 33% used [0x00000000d5580000,0x00000000d56dabc0,0x00000000d5980000)
  from space 512K, 81% used [0x00000000d5d80000,0x00000000d5de8000,0x00000000d5e00000)
  to   space 1536K, 0% used [0x00000000d5b00000,0x00000000d5b00000,0x00000000d5c80000)
 ParOldGen       total 1305600K, used 1305481K [0x0000000080000000, 0x00000000cfb00000, 0x00000000d5580000)
  object space 1305600K, 99% used [0x0000000080000000,0x00000000cfae24c8,0x00000000cfb00000)
 Metaspace       used 88895K, committed 90560K, reserved 1179648K
  class space    used 8946K, committed 9664K, reserved 1048576K
GC Heap History (20 events):
Event: 57860.015 GC heap before
{Heap before GC invocations=4631 (full 5):
 PSYoungGen      total 7168K, used 7072K [0x00000000d5580000, 0x00000000d5e80000, 0x0000000100000000)
  eden space 6656K, 100% used [0x00000000d5580000,0x00000000d5c00000,0x00000000d5c00000)
  from space 512K, 81% used [0x00000000d5e00000,0x00000000d5e68000,0x00000000d5e80000)
  to   space 512K, 0% used [0x00000000d5d80000,0x00000000d5d80000,0x00000000d5e00000)
 ParOldGen       total 1300480K, used 1292854K [0x0000000080000000, 0x00000000cf600000, 0x00000000d5580000)
  object space 1300480K, 99% used [0x0000000080000000,0x00000000cee8da28,0x00000000cf600000)
 Metaspace       used 88602K, committed 90304K, reserved 1179648K
  class space    used 8904K, committed 9664K, reserved 1048576K
}
Event: 57860.020 GC heap after
{Heap after GC invocations=4631 (full 5):
 PSYoungGen      total 7168K, used 416K [0x00000000d5580000, 0x00000000d5e80000, 0x0000000100000000)
  eden space 6656K, 0% used [0x00000000d5580000,0x00000000d5580000,0x00000000d5c00000)
  from space 512K, 81% used [0x00000000d5d80000,0x00000000d5de8000,0x00000000d5e00000)
  to   space 512K, 0% used [0x00000000d5e00000,0x00000000d5e00000,0x00000000d5e80000)
 ParOldGen       total 1300480K, used 1292878K [0x0000000080000000, 0x00000000cf600000, 0x00000000d5580000)
  object space 1300480K, 99% used [0x0000000080000000,0x00000000cee93a28,0x00000000cf600000)
 Metaspace       used 88602K, committed 90304K, reserved 1179648K
  class space    used 8904K, committed 9664K, reserved 1048576K
}
Event: 68898.057 GC heap before
{Heap before GC invocations=4632 (full 5):
 PSYoungGen      total 7168K, used 5708K [0x00000000d5580000, 0x00000000d5e80000, 0x0000000100000000)
  eden space 6656K, 79% used [0x00000000d5580000,0x00000000d5aab020,0x00000000d5c00000)
  from space 512K, 81% used [0x00000000d5d80000,0x00000000d5de8000,0x00000000d5e00000)
  to   space 512K, 0% used [0x00000000d5e00000,0x00000000d5e00000,0x00000000d5e80000)
 ParOldGen       total 1300480K, used 1292878K [0x0000000080000000, 0x00000000cf600000, 0x00000000d5580000)
  object space 1300480K, 99% used [0x0000000080000000,0x00000000cee93a28,0x00000000cf600000)
 Metaspace       used 88650K, committed 90304K, reserved 1179648K
  class space    used 8912K, committed 9664K, reserved 1048576K
}
Event: 68898.169 GC heap after
{Heap after GC invocations=4632 (full 5):
 PSYoungGen      total 7168K, used 416K [0x00000000d5580000, 0x00000000d5e80000, 0x0000000100000000)
  eden space 6656K, 0% used [0x00000000d5580000,0x00000000d5580000,0x00000000d5c00000)
  from space 512K, 81% used [0x00000000d5e00000,0x00000000d5e68000,0x00000000d5e80000)
  to   space 512K, 0% used [0x00000000d5d80000,0x00000000d5d80000,0x00000000d5e00000)
 ParOldGen       total 1300480K, used 1292950K [0x0000000080000000, 0x00000000cf600000, 0x00000000d5580000)
  object space 1300480K, 99% used [0x0000000080000000,0x00000000ceea5a28,0x00000000cf600000)
 Metaspace       used 88650K, committed 90304K, reserved 1179648K
  class space    used 8912K, committed 9664K, reserved 1048576K
}
Event: 68898.206 GC heap before
{Heap before GC invocations=4633 (full 5):
 PSYoungGen      total 7168K, used 7050K [0x00000000d5580000, 0x00000000d5e80000, 0x0000000100000000)
  eden space 6656K, 99% used [0x00000000d5580000,0x00000000d5bfab18,0x00000000d5c00000)
  from space 512K, 81% used [0x00000000d5e00000,0x00000000d5e68000,0x00000000d5e80000)
  to   space 512K, 0% used [0x00000000d5d80000,0x00000000d5d80000,0x00000000d5e00000)
 ParOldGen       total 1300480K, used 1292950K [0x0000000080000000, 0x00000000cf600000, 0x00000000d5580000)
  object space 1300480K, 99% used [0x0000000080000000,0x00000000ceea5a28,0x00000000cf600000)
 Metaspace       used 88653K, committed 90304K, reserved 1179648K
  class space    used 8912K, committed 9664K, reserved 1048576K
}
Event: 68898.208 GC heap after
{Heap after GC invocations=4633 (full 5):
 PSYoungGen      total 7168K, used 352K [0x00000000d5580000, 0x00000000d5e80000, 0x0000000100000000)
  eden space 6656K, 0% used [0x00000000d5580000,0x00000000d5580000,0x00000000d5c00000)
  from space 512K, 68% used [0x00000000d5d80000,0x00000000d5dd8000,0x00000000d5e00000)
  to   space 512K, 0% used [0x00000000d5e00000,0x00000000d5e00000,0x00000000d5e80000)
 ParOldGen       total 1300480K, used 1293142K [0x0000000080000000, 0x00000000cf600000, 0x00000000d5580000)
  object space 1300480K, 99% used [0x0000000080000000,0x00000000ceed5a48,0x00000000cf600000)
 Metaspace       used 88653K, committed 90304K, reserved 1179648K
  class space    used 8912K, committed 9664K, reserved 1048576K
}
Event: 68898.335 GC heap before
{Heap before GC invocations=4634 (full 5):
 PSYoungGen      total 7168K, used 7007K [0x00000000d5580000, 0x00000000d5e80000, 0x0000000100000000)
  eden space 6656K, 99% used [0x00000000d5580000,0x00000000d5bfffd8,0x00000000d5c00000)
  from space 512K, 68% used [0x00000000d5d80000,0x00000000d5dd8000,0x00000000d5e00000)
  to   space 512K, 0% used [0x00000000d5e00000,0x00000000d5e00000,0x00000000d5e80000)
 ParOldGen       total 1300480K, used 1293142K [0x0000000080000000, 0x00000000cf600000, 0x00000000d5580000)
  object space 1300480K, 99% used [0x0000000080000000,0x00000000ceed5a48,0x00000000cf600000)
 Metaspace       used 88656K, committed 90304K, reserved 1179648K
  class space    used 8912K, committed 9664K, reserved 1048576K
}
Event: 68898.337 GC heap after
{Heap after GC invocations=4634 (full 5):
 PSYoungGen      total 7168K, used 288K [0x00000000d5580000, 0x00000000d5e80000, 0x0000000100000000)
  eden space 6656K, 0% used [0x00000000d5580000,0x00000000d5580000,0x00000000d5c00000)
  from space 512K, 56% used [0x00000000d5e00000,0x00000000d5e48000,0x00000000d5e80000)
  to   space 512K, 0% used [0x00000000d5d80000,0x00000000d5d80000,0x00000000d5e00000)
 ParOldGen       total 1300480K, used 1293230K [0x0000000080000000, 0x00000000cf600000, 0x00000000d5580000)
  object space 1300480K, 99% used [0x0000000080000000,0x00000000ceeeba48,0x00000000cf600000)
 Metaspace       used 88656K, committed 90304K, reserved 1179648K
  class space    used 8912K, committed 9664K, reserved 1048576K
}
Event: 68898.529 GC heap before
{Heap before GC invocations=4635 (full 5):
 PSYoungGen      total 7168K, used 6944K [0x00000000d5580000, 0x00000000d5e80000, 0x0000000100000000)
  eden space 6656K, 100% used [0x00000000d5580000,0x00000000d5c00000,0x00000000d5c00000)
  from space 512K, 56% used [0x00000000d5e00000,0x00000000d5e48000,0x00000000d5e80000)
  to   space 512K, 0% used [0x00000000d5d80000,0x00000000d5d80000,0x00000000d5e00000)
 ParOldGen       total 1300480K, used 1293230K [0x0000000080000000, 0x00000000cf600000, 0x00000000d5580000)
  object space 1300480K, 99% used [0x0000000080000000,0x00000000ceeeba48,0x00000000cf600000)
 Metaspace       used 88662K, committed 90304K, reserved 1179648K
  class space    used 8914K, committed 9664K, reserved 1048576K
}
Event: 68898.531 GC heap after
{Heap after GC invocations=4635 (full 5):
 PSYoungGen      total 7168K, used 320K [0x00000000d5580000, 0x00000000d5e80000, 0x0000000100000000)
  eden space 6656K, 0% used [0x00000000d5580000,0x00000000d5580000,0x00000000d5c00000)
  from space 512K, 62% used [0x00000000d5d80000,0x00000000d5dd0000,0x00000000d5e00000)
  to   space 512K, 0% used [0x00000000d5e00000,0x00000000d5e00000,0x00000000d5e80000)
 ParOldGen       total 1300480K, used 1293278K [0x0000000080000000, 0x00000000cf600000, 0x00000000d5580000)
  object space 1300480K, 99% used [0x0000000080000000,0x00000000ceef7a48,0x00000000cf600000)
 Metaspace       used 88662K, committed 90304K, reserved 1179648K
  class space    used 8914K, committed 9664K, reserved 1048576K
}
Event: 68898.715 GC heap before
{Heap before GC invocations=4636 (full 5):
 PSYoungGen      total 7168K, used 6976K [0x00000000d5580000, 0x00000000d5e80000, 0x0000000100000000)
  eden space 6656K, 100% used [0x00000000d5580000,0x00000000d5c00000,0x00000000d5c00000)
  from space 512K, 62% used [0x00000000d5d80000,0x00000000d5dd0000,0x00000000d5e00000)
  to   space 512K, 0% used [0x00000000d5e00000,0x00000000d5e00000,0x00000000d5e80000)
 ParOldGen       total 1300480K, used 1293278K [0x0000000080000000, 0x00000000cf600000, 0x00000000d5580000)
  object space 1300480K, 99% used [0x0000000080000000,0x00000000ceef7a48,0x00000000cf600000)
 Metaspace       used 88719K, committed 90368K, reserved 1179648K
  class space    used 8923K, committed 9664K, reserved 1048576K
}
Event: 68898.718 GC heap after
{Heap after GC invocations=4636 (full 5):
 PSYoungGen      total 4608K, used 512K [0x00000000d5580000, 0x00000000d6500000, 0x0000000100000000)
  eden space 4096K, 0% used [0x00000000d5580000,0x00000000d5580000,0x00000000d5980000)
  from space 512K, 100% used [0x00000000d5e00000,0x00000000d5e80000,0x00000000d5e80000)
  to   space 4608K, 0% used [0x00000000d5980000,0x00000000d5980000,0x00000000d5e00000)
 ParOldGen       total 1300480K, used 1296620K [0x0000000080000000, 0x00000000cf600000, 0x00000000d5580000)
  object space 1300480K, 99% used [0x0000000080000000,0x00000000cf23b258,0x00000000cf600000)
 Metaspace       used 88719K, committed 90368K, reserved 1179648K
  class space    used 8923K, committed 9664K, reserved 1048576K
}
Event: 68898.730 GC heap before
{Heap before GC invocations=4637 (full 5):
 PSYoungGen      total 4608K, used 4608K [0x00000000d5580000, 0x00000000d6500000, 0x0000000100000000)
  eden space 4096K, 100% used [0x00000000d5580000,0x00000000d5980000,0x00000000d5980000)
  from space 512K, 100% used [0x00000000d5e00000,0x00000000d5e80000,0x00000000d5e80000)
  to   space 4608K, 0% used [0x00000000d5980000,0x00000000d5980000,0x00000000d5e00000)
 ParOldGen       total 1300480K, used 1296620K [0x0000000080000000, 0x00000000cf600000, 0x00000000d5580000)
  object space 1300480K, 99% used [0x0000000080000000,0x00000000cf23b258,0x00000000cf600000)
 Metaspace       used 88724K, committed 90368K, reserved 1179648K
  class space    used 8924K, committed 9664K, reserved 1048576K
}
Event: 68898.738 GC heap after
{Heap after GC invocations=4637 (full 5):
 PSYoungGen      total 8704K, used 4587K [0x00000000d5580000, 0x00000000d6380000, 0x0000000100000000)
  eden space 4096K, 0% used [0x00000000d5580000,0x00000000d5580000,0x00000000d5980000)
  from space 4608K, 99% used [0x00000000d5980000,0x00000000d5dfafa0,0x00000000d5e00000)
  to   space 5120K, 0% used [0x00000000d5e80000,0x00000000d5e80000,0x00000000d6380000)
 ParOldGen       total 1300480K, used 1296716K [0x0000000080000000, 0x00000000cf600000, 0x00000000d5580000)
  object space 1300480K, 99% used [0x0000000080000000,0x00000000cf253258,0x00000000cf600000)
 Metaspace       used 88724K, committed 90368K, reserved 1179648K
  class space    used 8924K, committed 9664K, reserved 1048576K
}
Event: 68898.752 GC heap before
{Heap before GC invocations=4638 (full 5):
 PSYoungGen      total 8704K, used 8683K [0x00000000d5580000, 0x00000000d6380000, 0x0000000100000000)
  eden space 4096K, 100% used [0x00000000d5580000,0x00000000d5980000,0x00000000d5980000)
  from space 4608K, 99% used [0x00000000d5980000,0x00000000d5dfafa0,0x00000000d5e00000)
  to   space 5120K, 0% used [0x00000000d5e80000,0x00000000d5e80000,0x00000000d6380000)
 ParOldGen       total 1300480K, used 1296716K [0x0000000080000000, 0x00000000cf600000, 0x00000000d5580000)
  object space 1300480K, 99% used [0x0000000080000000,0x00000000cf253258,0x00000000cf600000)
 Metaspace       used 88742K, committed 90432K, reserved 1179648K
  class space    used 8927K, committed 9664K, reserved 1048576K
}
Event: 68898.760 GC heap after
{Heap after GC invocations=4638 (full 5):
 PSYoungGen      total 8192K, used 3712K [0x00000000d5580000, 0x00000000d6280000, 0x0000000100000000)
  eden space 4096K, 0% used [0x00000000d5580000,0x00000000d5580000,0x00000000d5980000)
  from space 4096K, 90% used [0x00000000d5e80000,0x00000000d6220000,0x00000000d6280000)
  to   space 4096K, 0% used [0x00000000d5a80000,0x00000000d5a80000,0x00000000d5e80000)
 ParOldGen       total 1301504K, used 1301372K [0x0000000080000000, 0x00000000cf700000, 0x00000000d5580000)
  object space 1301504K, 99% used [0x0000000080000000,0x00000000cf6df1d8,0x00000000cf700000)
 Metaspace       used 88742K, committed 90432K, reserved 1179648K
  class space    used 8927K, committed 9664K, reserved 1048576K
}
Event: 68898.792 GC heap before
{Heap before GC invocations=4639 (full 5):
 PSYoungGen      total 8192K, used 7808K [0x00000000d5580000, 0x00000000d6280000, 0x0000000100000000)
  eden space 4096K, 100% used [0x00000000d5580000,0x00000000d5980000,0x00000000d5980000)
  from space 4096K, 90% used [0x00000000d5e80000,0x00000000d6220000,0x00000000d6280000)
  to   space 4096K, 0% used [0x00000000d5a80000,0x00000000d5a80000,0x00000000d5e80000)
 ParOldGen       total 1301504K, used 1301372K [0x0000000080000000, 0x00000000cf700000, 0x00000000d5580000)
  object space 1301504K, 99% used [0x0000000080000000,0x00000000cf6df1d8,0x00000000cf700000)
 Metaspace       used 88754K, committed 90432K, reserved 1179648K
  class space    used 8929K, committed 9664K, reserved 1048576K
}
Event: 68898.798 GC heap after
{Heap after GC invocations=4639 (full 5):
 PSYoungGen      total 7168K, used 3018K [0x00000000d5580000, 0x00000000d6080000, 0x0000000100000000)
  eden space 4096K, 0% used [0x00000000d5580000,0x00000000d5580000,0x00000000d5980000)
  from space 3072K, 98% used [0x00000000d5a80000,0x00000000d5d72b60,0x00000000d5d80000)
  to   space 3072K, 0% used [0x00000000d5d80000,0x00000000d5d80000,0x00000000d6080000)
 ParOldGen       total 1305088K, used 1304916K [0x0000000080000000, 0x00000000cfa80000, 0x00000000d5580000)
  object space 1305088K, 99% used [0x0000000080000000,0x00000000cfa551d8,0x00000000cfa80000)
 Metaspace       used 88754K, committed 90432K, reserved 1179648K
  class space    used 8929K, committed 9664K, reserved 1048576K
}
Event: 68898.957 GC heap before
{Heap before GC invocations=4640 (full 5):
 PSYoungGen      total 7168K, used 7106K [0x00000000d5580000, 0x00000000d6080000, 0x0000000100000000)
  eden space 4096K, 99% used [0x00000000d5580000,0x00000000d597e008,0x00000000d5980000)
  from space 3072K, 98% used [0x00000000d5a80000,0x00000000d5d72b60,0x00000000d5d80000)
  to   space 3072K, 0% used [0x00000000d5d80000,0x00000000d5d80000,0x00000000d6080000)
 ParOldGen       total 1305088K, used 1304916K [0x0000000080000000, 0x00000000cfa80000, 0x00000000d5580000)
  object space 1305088K, 99% used [0x0000000080000000,0x00000000cfa551d8,0x00000000cfa80000)
 Metaspace       used 88811K, committed 90432K, reserved 1179648K
  class space    used 8938K, committed 9664K, reserved 1048576K
}
Event: 68898.959 GC heap after
{Heap after GC invocations=4640 (full 5):
 PSYoungGen      total 4608K, used 416K [0x00000000d5580000, 0x00000000d5e00000, 0x0000000100000000)
  eden space 4096K, 0% used [0x00000000d5580000,0x00000000d5580000,0x00000000d5980000)
  from space 512K, 81% used [0x00000000d5d80000,0x00000000d5de8000,0x00000000d5e00000)
  to   space 1536K, 0% used [0x00000000d5b00000,0x00000000d5b00000,0x00000000d5c80000)
 ParOldGen       total 1305600K, used 1305481K [0x0000000080000000, 0x00000000cfb00000, 0x00000000d5580000)
  object space 1305600K, 99% used [0x0000000080000000,0x00000000cfae24c8,0x00000000cfb00000)
 Metaspace       used 88811K, committed 90432K, reserved 1179648K
  class space    used 8938K, committed 9664K, reserved 1048576K
}

